<?xml version="1.0" encoding="UTF-8"?>
<!-- Generated by org.testng.reporters.JUnitReportReporter -->
<testsuite hostname="DESKTOP-PCGL74J" failures="0" tests="9" name="com.test.testcases.ProductsHomeTest" time="114.584" errors="0" timestamp="2021-05-18T18:19:55 IST" skipped="0">
  <testcase classname="com.test.testcases.ProductsHomeTest" name="validateFEHomePageTitle" time="0.207"/>
  <system-out/>
  <testcase classname="com.test.testcases.ProductsHomeTest" name="fillingWithoutFirstName" time="19.853"/>
  <system-out/>
  <testcase classname="com.test.testcases.ProductsHomeTest" name="fillingWithoutLastName" time="13.760"/>
  <system-out/>
  <testcase classname="com.test.testcases.ProductsHomeTest" name="fillingWithoutJobFunction" time="13.229"/>
  <system-out/>
  <testcase classname="com.test.testcases.ProductsHomeTest" name="fillingWithoutJobTitle" time="14.568"/>
  <system-out/>
  <testcase classname="com.test.testcases.ProductsHomeTest" name="fillingWithoutEmail" time="14.949"/>
  <system-out/>
  <testcase classname="com.test.testcases.ProductsHomeTest" name="fillingWithoutPhone" time="13.279"/>
  <system-out/>
  <testcase classname="com.test.testcases.ProductsHomeTest" name="fillingWithoutIntituteName" time="14.305"/>
  <system-out/>
  <testcase classname="com.test.testcases.ProductsHomeTest" name="fillingFormUsingValidDetails" time="10.434"/>
  <system-out/>
</testsuite> <!-- com.test.testcases.ProductsHomeTest -->
