<?xml version="1.0" encoding="UTF-8"?>
<!-- Generated by org.testng.reporters.JUnitReportReporter -->
<testsuite hostname="DESKTOP-PCGL74J" failures="0" tests="2" name="com.test.testcases.PageCoursesTest" time="12.256" errors="0" timestamp="2021-05-18T18:05:41 IST" skipped="0">
  <testcase classname="com.test.testcases.PageCoursesTest" name="validatePageTitle" time="0.270"/>
  <system-out/>
  <testcase classname="com.test.testcases.PageCoursesTest" name="selectFilter" time="11.986"/>
  <system-out/>
</testsuite> <!-- com.test.testcases.PageCoursesTest -->
